Copyright 1986-2018 Xilinx, Inc. All Rights Reserved.
-------------------------------------------------------------------------------------------
| Tool Version : Vivado v.2018.2 (win64) Build 2258646 Thu Jun 14 20:03:12 MDT 2018
| Date         : Thu Jul 18 00:03:20 2019
| Host         : DESKTOP-6BCPIJ5 running 64-bit major release  (build 9200)
| Command      : report_control_sets -verbose -file system_wrapper_control_sets_placed.rpt
| Design       : system_wrapper
| Device       : xc7z020
-------------------------------------------------------------------------------------------

Control Set Information

Table of Contents
-----------------
1. Summary
2. Histogram
3. Flip-Flop Distribution
4. Detailed Control Set Information

1. Summary
----------

+----------------------------------------------------------+-------+
|                          Status                          | Count |
+----------------------------------------------------------+-------+
| Number of unique control sets                            |   141 |
| Unused register locations in slices containing registers |   378 |
+----------------------------------------------------------+-------+


2. Histogram
------------

+--------+--------------+
| Fanout | Control Sets |
+--------+--------------+
|      2 |            2 |
|      4 |            1 |
|      8 |           12 |
|     10 |           13 |
|     12 |            2 |
|     14 |            4 |
|    16+ |          107 |
+--------+--------------+


3. Flip-Flop Distribution
-------------------------

+--------------+-----------------------+------------------------+-----------------+--------------+
| Clock Enable | Synchronous Set/Reset | Asynchronous Set/Reset | Total Registers | Total Slices |
+--------------+-----------------------+------------------------+-----------------+--------------+
| No           | No                    | No                     |             554 |          107 |
| No           | No                    | Yes                    |               2 |            1 |
| No           | Yes                   | No                     |             658 |          145 |
| Yes          | No                    | No                     |            2074 |          299 |
| Yes          | No                    | Yes                    |             122 |           16 |
| Yes          | Yes                   | No                     |            1516 |          234 |
+--------------+-----------------------+------------------------+-----------------+--------------+


4. Detailed Control Set Information
-----------------------------------

+------------------------------------------------------+--------------------------------------------------------------------------------------------------------------------------------------------------------------+------------------------------------------------------------------------------------------------------------------------------------------+------------------+----------------+
|                     Clock Signal                     |                                                                         Enable Signal                                                                        |                                                             Set/Reset Signal                                                             | Slice Load Count | Bel Load Count |
+------------------------------------------------------+--------------------------------------------------------------------------------------------------------------------------------------------------------------+------------------------------------------------------------------------------------------------------------------------------------------+------------------+----------------+
|  system_i/system_processing_system7_0/inst/FCLK_CLK0 |                                                                                                                                                              | system_i/zed_audio_ctrl_0/U0/USER_LOGIC_I/Inst_iis_ser/ldata_reg                                                                         |                1 |              2 |
|  system_i/system_processing_system7_0/inst/FCLK_CLK0 |                                                                                                                                                              | system_i/Speaker_0/inst/PWM_i_2_n_0                                                                                                      |                1 |              2 |
|  system_i/system_processing_system7_0/inst/FCLK_CLK0 | system_i/ps7_0_axi_periph/s00_couplers/auto_pc/inst/gen_axilite.gen_b2s_conv.axilite_b2s/WR.b_channel_0/bid_fifo_0/bresp_push                                |                                                                                                                                          |                1 |              4 |
|  system_i/system_processing_system7_0/inst/FCLK_CLK0 |                                                                                                                                                              | system_i/axi_gpio_1/U0/AXI_LITE_IPIF_I/I_SLAVE_ATTACHMENT/clear                                                                          |                1 |              8 |
|  system_i/system_processing_system7_0/inst/FCLK_CLK0 | system_i/ps7_0_axi_periph/s00_couplers/auto_pc/inst/gen_axilite.gen_b2s_conv.axilite_b2s/RD.ar_channel_0/ar_cmd_fsm_0/E[0]                                   | system_i/ps7_0_axi_periph/s00_couplers/auto_pc/inst/gen_axilite.gen_b2s_conv.axilite_b2s/RD.ar_channel_0/ar_cmd_fsm_0/axlen_cnt_reg[7]   |                1 |              8 |
|  system_i/system_processing_system7_0/inst/FCLK_CLK0 |                                                                                                                                                              | system_i/axi_gpio_0/U0/AXI_LITE_IPIF_I/I_SLAVE_ATTACHMENT/I_DECODER/Dual.ALLOUT0_ND_G0.READ_REG_GEN[0].reg2_reg[30]                      |                2 |              8 |
|  system_i/system_processing_system7_0/inst/FCLK_CLK0 |                                                                                                                                                              | system_i/axi_gpio_0/U0/AXI_LITE_IPIF_I/I_SLAVE_ATTACHMENT/clear                                                                          |                1 |              8 |
|  system_i/system_processing_system7_0/inst/FCLK_CLK0 |                                                                                                                                                              | system_i/zed_audio_ctrl_0/U0/AXI_LITE_IPIF_I/I_SLAVE_ATTACHMENT/p_2_out                                                                  |                1 |              8 |
|  system_i/system_processing_system7_0/inst/FCLK_CLK0 | system_i/ps7_0_axi_periph/s00_couplers/auto_pc/inst/gen_axilite.gen_b2s_conv.axilite_b2s/WR.aw_channel_0/aw_cmd_fsm_0/axaddr_wrap_reg[11][0]                 | system_i/ps7_0_axi_periph/s00_couplers/auto_pc/inst/gen_axilite.gen_b2s_conv.axilite_b2s/WR.aw_channel_0/aw_cmd_fsm_0/axlen_cnt_reg[7]_1 |                2 |              8 |
|  system_i/system_processing_system7_0/inst/FCLK_CLK0 |                                                                                                                                                              | system_i/ps7_0_axi_periph/s00_couplers/auto_pc/inst/gen_axilite.gen_b2s_conv.axilite_b2s/SI_REG/ar.ar_pipe/m_valid_i_reg_0               |                4 |              8 |
|  system_i/system_processing_system7_0/inst/FCLK_CLK0 | system_i/axi_gpio_0/U0/AXI_LITE_IPIF_I/I_SLAVE_ATTACHMENT/bus2ip_addr_i[8]_i_1_n_0                                                                           | system_i/axi_gpio_0/U0/AXI_LITE_IPIF_I/I_SLAVE_ATTACHMENT/SR[0]                                                                          |                1 |              8 |
|  system_i/system_processing_system7_0/inst/FCLK_CLK0 |                                                                                                                                                              | system_i/ps7_0_axi_periph/s00_couplers/auto_pc/inst/gen_axilite.gen_b2s_conv.axilite_b2s/SI_REG/aw.aw_pipe/s_ready_i_reg_0               |                3 |              8 |
|  system_i/system_processing_system7_0/inst/FCLK_CLK0 | system_i/axi_gpio_0/U0/AXI_LITE_IPIF_I/I_SLAVE_ATTACHMENT/start2                                                                                             | system_i/axi_gpio_0/U0/AXI_LITE_IPIF_I/I_SLAVE_ATTACHMENT/I_DECODER/cs_ce_clr                                                            |                1 |              8 |
|  system_i/system_processing_system7_0/inst/FCLK_CLK0 | system_i/axi_gpio_1/U0/AXI_LITE_IPIF_I/I_SLAVE_ATTACHMENT/bus2ip_addr_i[8]_i_1_n_0                                                                           | system_i/axi_gpio_1/U0/AXI_LITE_IPIF_I/I_SLAVE_ATTACHMENT/SR[0]                                                                          |                1 |              8 |
|  system_i/system_processing_system7_0/inst/FCLK_CLK0 | system_i/axi_gpio_1/U0/AXI_LITE_IPIF_I/I_SLAVE_ATTACHMENT/start2                                                                                             | system_i/axi_gpio_1/U0/AXI_LITE_IPIF_I/I_SLAVE_ATTACHMENT/I_DECODER/cs_ce_clr                                                            |                1 |              8 |
|  system_i/system_processing_system7_0/inst/FCLK_CLK0 | system_i/in_out_left/inst/in_out_fir_io_s_axi_U/ar_hs                                                                                                        |                                                                                                                                          |                4 |             10 |
|  system_i/system_processing_system7_0/inst/FCLK_CLK0 | system_i/in_out_left/inst/in_out_fir_io_s_axi_U/waddr                                                                                                        |                                                                                                                                          |                1 |             10 |
|  system_i/system_processing_system7_0/inst/FCLK_CLK0 |                                                                                                                                                              | system_i/rst_ps7_0_100M/U0/EXT_LPF/lpf_int                                                                                               |                3 |             10 |
|  system_i/system_processing_system7_0/inst/FCLK_CLK0 | system_i/fir_left1/inst/fir_fir_io_s_axi_U/waddr                                                                                                             |                                                                                                                                          |                1 |             10 |
|  system_i/system_processing_system7_0/inst/FCLK_CLK0 | system_i/fir_left1/inst/fir_fir_io_s_axi_U/ar_hs                                                                                                             |                                                                                                                                          |                3 |             10 |
|  system_i/system_processing_system7_0/inst/FCLK_CLK0 | system_i/fir_right/inst/fir_fir_io_s_axi_U/ar_hs                                                                                                             |                                                                                                                                          |                2 |             10 |
|  system_i/system_processing_system7_0/inst/FCLK_CLK0 | system_i/zed_audio_ctrl_0/U0/USER_LOGIC_I/Inst_iis_deser/bit_cntr_reg[4]_0[0]                                                                                | system_i/zed_audio_ctrl_0/U0/USER_LOGIC_I/Inst_iis_ser/bit_cntr[4]_i_1__0_n_0                                                            |                2 |             10 |
|  system_i/system_processing_system7_0/inst/FCLK_CLK0 | system_i/in_out_right/inst/in_out_fir_io_s_axi_U/ar_hs                                                                                                       |                                                                                                                                          |                2 |             10 |
|  system_i/system_processing_system7_0/inst/FCLK_CLK0 | system_i/in_out_right/inst/in_out_fir_io_s_axi_U/waddr                                                                                                       |                                                                                                                                          |                1 |             10 |
|  system_i/system_processing_system7_0/inst/FCLK_CLK0 | system_i/zed_audio_ctrl_0/U0/AXI_LITE_IPIF_I/I_SLAVE_ATTACHMENT/I_DECODER/start                                                                              | system_i/zed_audio_ctrl_0/U0/AXI_LITE_IPIF_I/I_SLAVE_ATTACHMENT/I_DECODER/cs_ce_clr                                                      |                2 |             10 |
|  system_i/system_processing_system7_0/inst/FCLK_CLK0 | system_i/zed_audio_ctrl_0/U0/USER_LOGIC_I/Inst_iis_deser/bit_rdy                                                                                             | system_i/zed_audio_ctrl_0/U0/USER_LOGIC_I/Inst_iis_deser/bit_cntr[4]_i_1_n_0                                                             |                2 |             10 |
|  system_i/system_processing_system7_0/inst/FCLK_CLK0 | system_i/zed_audio_ctrl_0/U0/USER_LOGIC_I/Inst_iis_ser/FSM_onehot_iis_state[4]_i_1_n_0                                                                       |                                                                                                                                          |                2 |             10 |
|  system_i/system_processing_system7_0/inst/FCLK_CLK0 | system_i/fir_right/inst/fir_fir_io_s_axi_U/waddr                                                                                                             |                                                                                                                                          |                2 |             10 |
|  system_i/system_processing_system7_0/inst/FCLK_CLK0 |                                                                                                                                                              | system_i/zed_audio_ctrl_0/U0/AXI_LITE_IPIF_I/I_SLAVE_ATTACHMENT/rst                                                                      |                3 |             12 |
|  system_i/system_processing_system7_0/inst/FCLK_CLK0 | system_i/rst_ps7_0_100M/U0/SEQ/seq_cnt_en                                                                                                                    | system_i/rst_ps7_0_100M/U0/SEQ/SEQ_COUNTER/clear                                                                                         |                1 |             12 |
|  system_i/system_processing_system7_0/inst/FCLK_CLK0 | system_i/zed_audio_ctrl_0/U0/USER_LOGIC_I/Inst_iis_deser/FSM_onehot_iis_state[6]_i_1_n_0                                                                     |                                                                                                                                          |                2 |             14 |
|  system_i/system_processing_system7_0/inst/FCLK_CLK0 | system_i/Speaker_0/inst/State[5]_i_1_n_0                                                                                                                     | system_i/Speaker_0/inst/PWM_i_2_n_0                                                                                                      |                3 |             14 |
|  system_i/system_processing_system7_0/inst/FCLK_CLK0 | system_i/in_out_left/inst/in_out_fir_io_s_axi_U/E[0]                                                                                                         |                                                                                                                                          |                2 |             14 |
|  system_i/system_processing_system7_0/inst/FCLK_CLK0 | system_i/in_out_right/inst/in_out_fir_io_s_axi_U/E[0]                                                                                                        |                                                                                                                                          |                2 |             14 |
|  system_i/system_processing_system7_0/inst/FCLK_CLK0 | system_i/Speaker_0/inst/Divide_Frequency[16]_i_1_n_0                                                                                                         |                                                                                                                                          |                3 |             16 |
|  system_i/system_processing_system7_0/inst/FCLK_CLK0 | system_i/ps7_0_axi_periph/s00_couplers/auto_pc/inst/gen_axilite.gen_b2s_conv.axilite_b2s/WR.b_channel_0/mhandshake_r                                         | system_i/ps7_0_axi_periph/s00_couplers/auto_pc/inst/gen_axilite.gen_b2s_conv.axilite_b2s/WR.b_channel_0/bid_fifo_0/SR[0]                 |                2 |             16 |
|  system_i/system_processing_system7_0/inst/FCLK_CLK0 | system_i/fir_left1/inst/tmp_15_reg_874[8]_i_1_n_12                                                                                                           |                                                                                                                                          |                3 |             18 |
|  system_i/system_processing_system7_0/inst/FCLK_CLK0 | system_i/fir_left1/inst/tmp_6_reg_821_reg0                                                                                                                   |                                                                                                                                          |                2 |             18 |
|  system_i/system_processing_system7_0/inst/FCLK_CLK0 | system_i/fir_right/inst/i_2_reg_3940                                                                                                                         | system_i/fir_right/inst/fir_fir_io_s_axi_U/ap_NS_fsm149_out                                                                              |                4 |             18 |
|  system_i/system_processing_system7_0/inst/FCLK_CLK0 | system_i/fir_left1/inst/tmp_8_reg_802_reg0                                                                                                                   |                                                                                                                                          |                3 |             18 |
|  system_i/system_processing_system7_0/inst/FCLK_CLK0 | system_i/fir_left1/inst/ap_phi_mux_i_5_phi_fu_431_p41                                                                                                        | system_i/fir_left1/inst/i_5_reg_427                                                                                                      |                3 |             18 |
|  system_i/system_processing_system7_0/inst/FCLK_CLK0 | system_i/fir_left1/inst/tmp_s_reg_783_reg0                                                                                                                   |                                                                                                                                          |                4 |             18 |
|  system_i/system_processing_system7_0/inst/FCLK_CLK0 | system_i/fir_left1/inst/i_1_reg_4050                                                                                                                         | system_i/fir_left1/inst/fir_fir_io_s_axi_U/ap_NS_fsm150_out                                                                              |                3 |             18 |
|  system_i/system_processing_system7_0/inst/FCLK_CLK0 | system_i/fir_left1/inst/i_3_reg_3830                                                                                                                         | system_i/fir_left1/inst/fir_fir_io_s_axi_U/ap_NS_fsm148_out                                                                              |                3 |             18 |
|  system_i/system_processing_system7_0/inst/FCLK_CLK0 | system_i/fir_left1/inst/i_2_reg_3940                                                                                                                         | system_i/fir_left1/inst/fir_fir_io_s_axi_U/ap_NS_fsm149_out                                                                              |                4 |             18 |
|  system_i/system_processing_system7_0/inst/FCLK_CLK0 | system_i/fir_left1/inst/i_11_reg_864[8]_i_1_n_12                                                                                                             |                                                                                                                                          |                7 |             18 |
|  system_i/system_processing_system7_0/inst/FCLK_CLK0 | system_i/fir_left1/inst/tmp_1_reg_760_reg0                                                                                                                   |                                                                                                                                          |                2 |             18 |
|  system_i/system_processing_system7_0/inst/FCLK_CLK0 | system_i/fir_right/inst/i_3_reg_3830                                                                                                                         | system_i/fir_right/inst/fir_fir_io_s_axi_U/ap_NS_fsm148_out                                                                              |                3 |             18 |
|  system_i/system_processing_system7_0/inst/FCLK_CLK0 | system_i/fir_right/inst/ap_phi_mux_i_5_phi_fu_431_p41                                                                                                        | system_i/fir_right/inst/i_5_reg_427                                                                                                      |                2 |             18 |
|  system_i/system_processing_system7_0/inst/FCLK_CLK0 | system_i/fir_right/inst/i_11_reg_864[8]_i_1_n_12                                                                                                             |                                                                                                                                          |                6 |             18 |
|  system_i/system_processing_system7_0/inst/FCLK_CLK0 | system_i/fir_right/inst/i_1_reg_4050                                                                                                                         | system_i/fir_right/inst/fir_fir_io_s_axi_U/ap_NS_fsm150_out                                                                              |                3 |             18 |
|  system_i/system_processing_system7_0/inst/FCLK_CLK0 | system_i/fir_right/inst/i_4_reg_3360                                                                                                                         | system_i/fir_right/inst/fir_fir_io_s_axi_U/ap_NS_fsm147_out                                                                              |                3 |             18 |
|  system_i/system_processing_system7_0/inst/FCLK_CLK0 | system_i/fir_right/inst/tmp_s_reg_783_reg0                                                                                                                   |                                                                                                                                          |                2 |             18 |
|  system_i/system_processing_system7_0/inst/FCLK_CLK0 | system_i/fir_right/inst/tmp_6_reg_821_reg0                                                                                                                   |                                                                                                                                          |                3 |             18 |
|  system_i/system_processing_system7_0/inst/FCLK_CLK0 | system_i/fir_right/inst/tmp_4_reg_840_reg0                                                                                                                   |                                                                                                                                          |                2 |             18 |
|  system_i/system_processing_system7_0/inst/FCLK_CLK0 | system_i/fir_right/inst/tmp_8_reg_802_reg0                                                                                                                   |                                                                                                                                          |                2 |             18 |
|  system_i/system_processing_system7_0/inst/FCLK_CLK0 | system_i/fir_right/inst/i_reg_4160                                                                                                                           | system_i/fir_right/inst/fir_fir_io_s_axi_U/ap_NS_fsm153_out                                                                              |                4 |             18 |
|  system_i/system_processing_system7_0/inst/FCLK_CLK0 | system_i/fir_left1/inst/tmp_4_reg_840_reg0                                                                                                                   |                                                                                                                                          |                2 |             18 |
|  system_i/system_processing_system7_0/inst/FCLK_CLK0 | system_i/fir_left1/inst/i_4_reg_3360                                                                                                                         | system_i/fir_left1/inst/fir_fir_io_s_axi_U/ap_NS_fsm147_out                                                                              |                4 |             18 |
|  system_i/system_processing_system7_0/inst/FCLK_CLK0 | system_i/fir_right/inst/tmp_1_reg_760_reg0                                                                                                                   |                                                                                                                                          |                2 |             18 |
|  system_i/system_processing_system7_0/inst/FCLK_CLK0 | system_i/fir_left1/inst/i_reg_4160                                                                                                                           | system_i/fir_left1/inst/fir_fir_io_s_axi_U/ap_NS_fsm153_out                                                                              |                4 |             18 |
|  system_i/system_processing_system7_0/inst/FCLK_CLK0 | system_i/fir_right/inst/tmp_15_reg_874[8]_i_1_n_12                                                                                                           |                                                                                                                                          |                3 |             18 |
|  system_i/system_processing_system7_0/inst/FCLK_CLK0 | system_i/Speaker_0/inst/Divide_Frequency[16]_i_1_n_0                                                                                                         | system_i/Speaker_0/inst/PWM_i_2_n_0                                                                                                      |                4 |             20 |
|  system_i/system_processing_system7_0/inst/FCLK_CLK0 | system_i/in_out_right/inst/in_out_fir_io_s_axi_U/ar_hs                                                                                                       | system_i/in_out_right/inst/in_out_fir_io_s_axi_U/rdata[15]_i_1_n_2                                                                       |                2 |             22 |
|  system_i/system_processing_system7_0/inst/FCLK_CLK0 | system_i/fir_left1/inst/fir_fir_io_s_axi_U/ar_hs                                                                                                             | system_i/fir_left1/inst/fir_fir_io_s_axi_U/rdata[15]_i_1_n_12                                                                            |                2 |             22 |
|  system_i/system_processing_system7_0/inst/FCLK_CLK0 | system_i/fir_right/inst/fir_fir_io_s_axi_U/ar_hs                                                                                                             | system_i/fir_right/inst/fir_fir_io_s_axi_U/rdata[15]_i_1_n_12                                                                            |                2 |             22 |
|  system_i/system_processing_system7_0/inst/FCLK_CLK0 | system_i/in_out_left/inst/in_out_fir_io_s_axi_U/ar_hs                                                                                                        | system_i/in_out_left/inst/in_out_fir_io_s_axi_U/rdata[15]_i_1_n_2                                                                        |                2 |             22 |
|  system_i/system_processing_system7_0/inst/FCLK_CLK0 | system_i/in_out_left/inst/ap_CS_fsm[2]_i_1_n_2                                                                                                               |                                                                                                                                          |                4 |             24 |
|  system_i/system_processing_system7_0/inst/FCLK_CLK0 | system_i/in_out_right/inst/ap_CS_fsm[2]_i_1_n_2                                                                                                              |                                                                                                                                          |                4 |             24 |
|  system_i/system_processing_system7_0/inst/FCLK_CLK0 | system_i/ps7_0_axi_periph/s00_couplers/auto_pc/inst/gen_axilite.gen_b2s_conv.axilite_b2s/WR.aw_channel_0/cmd_translator_0/incr_cmd_0/axaddr_incr[11]_i_1_n_0 |                                                                                                                                          |                2 |             24 |
|  system_i/system_processing_system7_0/inst/FCLK_CLK0 | system_i/ps7_0_axi_periph/s00_couplers/auto_pc/inst/gen_axilite.gen_b2s_conv.axilite_b2s/WR.aw_channel_0/aw_cmd_fsm_0/E[0]                                   |                                                                                                                                          |                6 |             24 |
|  system_i/system_processing_system7_0/inst/FCLK_CLK0 | system_i/ps7_0_axi_periph/s00_couplers/auto_pc/inst/gen_axilite.gen_b2s_conv.axilite_b2s/RD.ar_channel_0/ar_cmd_fsm_0/axaddr_incr_reg[0][0]                  |                                                                                                                                          |                2 |             24 |
|  system_i/system_processing_system7_0/inst/FCLK_CLK0 | system_i/ps7_0_axi_periph/s00_couplers/auto_pc/inst/gen_axilite.gen_b2s_conv.axilite_b2s/RD.ar_channel_0/ar_cmd_fsm_0/wrap_boundary_axaddr_r_reg[11][0]      |                                                                                                                                          |                3 |             24 |
|  system_i/system_processing_system7_0/inst/FCLK_CLK0 | system_i/ps7_0_axi_periph/s00_couplers/auto_pc/inst/gen_axilite.gen_b2s_conv.axilite_b2s/RD.r_channel_0/r_push_r                                             |                                                                                                                                          |                4 |             26 |
|  system_i/system_processing_system7_0/inst/FCLK_CLK0 | system_i/axi_gpio_1/U0/AXI_LITE_IPIF_I/I_SLAVE_ATTACHMENT/I_DECODER/E[0]                                                                                     | system_i/axi_gpio_1/U0/AXI_LITE_IPIF_I/I_SLAVE_ATTACHMENT/SR[0]                                                                          |                5 |             28 |
|  system_i/system_processing_system7_0/inst/FCLK_CLK0 | system_i/ps7_0_axi_periph/s00_couplers/auto_pc/inst/gen_axilite.gen_b2s_conv.axilite_b2s/SI_REG/b.b_pipe/p_1_in                                              |                                                                                                                                          |                3 |             28 |
|  system_i/system_processing_system7_0/inst/FCLK_CLK0 | system_i/ps7_0_axi_periph/s00_couplers/auto_pc/inst/gen_axilite.gen_b2s_conv.axilite_b2s/SI_REG/b.b_pipe/skid_buffer_reg[0]_0                                |                                                                                                                                          |                3 |             28 |
|  system_i/system_processing_system7_0/inst/FCLK_CLK0 | system_i/axi_gpio_1/U0/AXI_LITE_IPIF_I/I_SLAVE_ATTACHMENT/I_DECODER/Not_Dual.gpio_OE_reg[0][0]                                                               | system_i/axi_gpio_1/U0/AXI_LITE_IPIF_I/I_SLAVE_ATTACHMENT/SR[0]                                                                          |                4 |             28 |
|  system_i/system_processing_system7_0/inst/FCLK_CLK0 | system_i/axi_gpio_1/U0/AXI_LITE_IPIF_I/I_SLAVE_ATTACHMENT/s_axi_rresp_i                                                                                      | system_i/axi_gpio_1/U0/AXI_LITE_IPIF_I/I_SLAVE_ATTACHMENT/SR[0]                                                                          |                7 |             30 |
|  system_i/system_processing_system7_0/inst/FCLK_CLK0 | system_i/fir_right/inst/fir_fir_io_s_axi_U/E[0]                                                                                                              | system_i/fir_right/inst/Flag_new_reg_347                                                                                                 |                5 |             32 |
|  system_i/system_processing_system7_0/inst/FCLK_CLK0 | system_i/fir_left1/inst/ap_CS_fsm_state29                                                                                                                    | system_i/fir_left1/inst/fir_fir_io_s_axi_U/ap_rst_n_inv                                                                                  |                3 |             32 |
|  system_i/system_processing_system7_0/inst/FCLK_CLK0 | system_i/in_out_right/inst/in_out_fir_io_s_axi_U/int_x[15]_i_1_n_2                                                                                           | system_i/in_out_right/inst/in_out_fir_io_s_axi_U/SR[0]                                                                                   |                2 |             32 |
|  system_i/system_processing_system7_0/inst/FCLK_CLK0 | system_i/fir_left1/inst/fir_fir_io_s_axi_U/p_52_in                                                                                                           |                                                                                                                                          |                5 |             32 |
|  system_i/system_processing_system7_0/inst/FCLK_CLK0 | system_i/fir_right/inst/storemerge_reg_448[15]_i_1_n_12                                                                                                      |                                                                                                                                          |                5 |             32 |
|  system_i/system_processing_system7_0/inst/FCLK_CLK0 | system_i/fir_right/inst/ap_CS_fsm_state29                                                                                                                    | system_i/fir_right/inst/fir_fir_io_s_axi_U/ap_rst_n_inv                                                                                  |                2 |             32 |
|  system_i/system_processing_system7_0/inst/FCLK_CLK0 | system_i/fir_right/inst/ap_phi_mux_Flag_loc_1_phi_fu_375_p41                                                                                                 |                                                                                                                                          |                6 |             32 |
|  system_i/system_processing_system7_0/inst/FCLK_CLK0 | system_i/fir_left1/inst/storemerge_reg_448[15]_i_1_n_12                                                                                                      |                                                                                                                                          |                5 |             32 |
|  system_i/system_processing_system7_0/inst/FCLK_CLK0 | system_i/fir_left1/inst/fir_fir_io_s_axi_U/int_x[15]_i_1_n_12                                                                                                | system_i/fir_left1/inst/fir_fir_io_s_axi_U/ap_rst_n_inv                                                                                  |                5 |             32 |
|  system_i/system_processing_system7_0/inst/FCLK_CLK0 | system_i/fir_left1/inst/fir_fir_io_s_axi_U/E[0]                                                                                                              | system_i/fir_left1/inst/Flag_new_reg_347                                                                                                 |                5 |             32 |
|  system_i/system_processing_system7_0/inst/FCLK_CLK0 | system_i/fir_left1/inst/fir_fir_io_s_axi_U/Flag_loc_1_reg_372_reg[15][0]                                                                                     |                                                                                                                                          |                6 |             32 |
|  system_i/system_processing_system7_0/inst/FCLK_CLK0 | system_i/in_out_left/inst/in_out_fir_io_s_axi_U/ap_NS_fsm111_out                                                                                             |                                                                                                                                          |                8 |             32 |
|  system_i/system_processing_system7_0/inst/FCLK_CLK0 | system_i/in_out_left/inst/in_out_fir_io_s_axi_U/int_x[15]_i_1_n_2                                                                                            | system_i/in_out_left/inst/in_out_fir_io_s_axi_U/SR[0]                                                                                    |                4 |             32 |
|  system_i/system_processing_system7_0/inst/FCLK_CLK0 | system_i/ps7_0_axi_periph/s00_couplers/auto_pc/inst/gen_axilite.gen_b2s_conv.axilite_b2s/WR.aw_channel_0/aw_cmd_fsm_0/b_push                                 |                                                                                                                                          |                3 |             32 |
|  system_i/system_processing_system7_0/inst/FCLK_CLK0 | system_i/fir_left1/inst/ap_phi_mux_Flag_loc_1_phi_fu_375_p41                                                                                                 |                                                                                                                                          |                5 |             32 |
|  system_i/system_processing_system7_0/inst/FCLK_CLK0 | system_i/fir_right/inst/fir_fir_io_s_axi_U/int_x[15]_i_1_n_12                                                                                                | system_i/fir_right/inst/fir_fir_io_s_axi_U/ap_rst_n_inv                                                                                  |                5 |             32 |
|  system_i/system_processing_system7_0/inst/FCLK_CLK0 | system_i/in_out_left/inst/ap_CS_fsm_state7                                                                                                                   | system_i/in_out_left/inst/in_out_fir_io_s_axi_U/SR[0]                                                                                    |                5 |             32 |
|  system_i/system_processing_system7_0/inst/FCLK_CLK0 | system_i/fir_right/inst/fir_fir_io_s_axi_U/p_52_in                                                                                                           |                                                                                                                                          |                4 |             32 |
|  system_i/system_processing_system7_0/inst/FCLK_CLK0 | system_i/fir_right/inst/fir_fir_io_s_axi_U/Flag_loc_1_reg_372_reg[15][0]                                                                                     |                                                                                                                                          |                8 |             32 |
|  system_i/system_processing_system7_0/inst/FCLK_CLK0 | system_i/in_out_right/inst/ap_CS_fsm_state7                                                                                                                  | system_i/in_out_right/inst/in_out_fir_io_s_axi_U/SR[0]                                                                                   |                5 |             32 |
|  system_i/system_processing_system7_0/inst/FCLK_CLK0 | system_i/in_out_right/inst/in_out_fir_io_s_axi_U/ap_NS_fsm111_out                                                                                            |                                                                                                                                          |                6 |             32 |
|  system_i/system_processing_system7_0/inst/FCLK_CLK0 | system_i/in_out_left/inst/shift_reg_U/in_out_shift_reg_ram_U/tmp_1_reg_463_reg[16]                                                                           |                                                                                                                                          |                4 |             34 |
|  system_i/system_processing_system7_0/inst/FCLK_CLK0 | system_i/in_out_right/inst/ap_CS_fsm_state5                                                                                                                  |                                                                                                                                          |                5 |             34 |
|  system_i/system_processing_system7_0/inst/FCLK_CLK0 | system_i/in_out_left/inst/ap_CS_fsm_state5                                                                                                                   |                                                                                                                                          |                7 |             34 |
|  system_i/system_processing_system7_0/inst/FCLK_CLK0 | system_i/in_out_right/inst/shift_reg_U/in_out_shift_reg_ram_U/tmp_1_reg_463_reg[16]                                                                          |                                                                                                                                          |                4 |             34 |
|  system_i/system_processing_system7_0/inst/FCLK_CLK0 |                                                                                                                                                              | system_i/ps7_0_axi_periph/xbar/inst/gen_sasd.crossbar_sasd_0/addr_arbiter_inst/SR[0]                                                     |                6 |             36 |
|  system_i/system_processing_system7_0/inst/FCLK_CLK0 | system_i/ps7_0_axi_periph/s00_couplers/auto_pc/inst/gen_axilite.gen_b2s_conv.axilite_b2s/WR.aw_channel_0/aw_cmd_fsm_0/axaddr_wrap_reg[11][0]                 |                                                                                                                                          |                8 |             40 |
|  system_i/system_processing_system7_0/inst/FCLK_CLK0 | system_i/ps7_0_axi_periph/s00_couplers/auto_pc/inst/gen_axilite.gen_b2s_conv.axilite_b2s/RD.ar_channel_0/ar_cmd_fsm_0/E[0]                                   |                                                                                                                                          |                8 |             40 |
|  system_i/system_processing_system7_0/inst/FCLK_CLK0 | system_i/ps7_0_axi_periph/xbar/inst/gen_sasd.crossbar_sasd_0/addr_arbiter_inst/p_0_in1_in                                                                    | system_i/ps7_0_axi_periph/xbar/inst/gen_sasd.crossbar_sasd_0/addr_arbiter_inst/SR[0]                                                     |               11 |             44 |
|  system_i/system_processing_system7_0/inst/FCLK_CLK0 |                                                                                                                                                              | system_i/in_out_left/inst/in_out_fir_io_s_axi_U/SR[0]                                                                                    |               10 |             46 |
|  system_i/system_processing_system7_0/inst/FCLK_CLK0 |                                                                                                                                                              | system_i/axi_gpio_0/U0/AXI_LITE_IPIF_I/I_SLAVE_ATTACHMENT/SR[0]                                                                          |                9 |             46 |
|  system_i/system_processing_system7_0/inst/FCLK_CLK0 |                                                                                                                                                              | system_i/in_out_right/inst/in_out_fir_io_s_axi_U/SR[0]                                                                                   |               13 |             46 |
|  system_i/system_processing_system7_0/inst/FCLK_CLK0 | system_i/zed_audio_ctrl_0/U0/USER_LOGIC_I/Inst_iis_deser/ldata_reg0                                                                                          | system_i/zed_audio_ctrl_0/U0/USER_LOGIC_I/Inst_iis_deser/ldata_reg                                                                       |                4 |             48 |
|  system_i/system_processing_system7_0/inst/FCLK_CLK0 | system_i/zed_audio_ctrl_0/U0/USER_LOGIC_I/Inst_iis_deser/rdata_reg0                                                                                          | system_i/zed_audio_ctrl_0/U0/USER_LOGIC_I/Inst_iis_deser/ldata_reg                                                                       |                7 |             48 |
|  system_i/system_processing_system7_0/inst/FCLK_CLK0 | system_i/zed_audio_ctrl_0/U0/USER_LOGIC_I/Inst_iis_deser/rdata_reg_reg[23]_0[0]                                                                              | system_i/zed_audio_ctrl_0/U0/USER_LOGIC_I/Inst_iis_ser/ldata_reg                                                                         |                9 |             48 |
|  system_i/system_processing_system7_0/inst/FCLK_CLK0 | system_i/zed_audio_ctrl_0/U0/USER_LOGIC_I/Inst_iis_ser/ldata_reg[23]_i_1__0_n_0                                                                              | system_i/zed_audio_ctrl_0/U0/USER_LOGIC_I/Inst_iis_ser/ldata_reg                                                                         |                9 |             48 |
|  system_i/system_processing_system7_0/inst/FCLK_CLK0 | system_i/in_out_right/inst/in_out_fir_io_s_axi_U/E[0]                                                                                                        | system_i/in_out_right/inst/in_out_fir_io_s_axi_U/index_reg[31][0]                                                                        |                7 |             50 |
|  system_i/system_processing_system7_0/inst/FCLK_CLK0 | system_i/in_out_left/inst/in_out_fir_io_s_axi_U/E[0]                                                                                                         | system_i/in_out_left/inst/in_out_fir_io_s_axi_U/index_reg[31][0]                                                                         |                7 |             50 |
|  system_i/system_processing_system7_0/inst/FCLK_CLK0 |                                                                                                                                                              | system_i/axi_gpio_1/U0/gpio_core_1/Read_Reg_Rst                                                                                          |                9 |             56 |
|  system_i/system_processing_system7_0/inst/FCLK_CLK0 |                                                                                                                                                              | system_i/axi_gpio_1/U0/AXI_LITE_IPIF_I/I_SLAVE_ATTACHMENT/SR[0]                                                                          |               11 |             60 |
|  system_i/system_processing_system7_0/inst/FCLK_CLK0 | system_i/zed_audio_ctrl_0/U0/AXI_LITE_IPIF_I/I_SLAVE_ATTACHMENT/I_DECODER/DataTx_L_reg[0][0]                                                                 | system_i/zed_audio_ctrl_0/U0/USER_LOGIC_I/SR[0]                                                                                          |               11 |             64 |
|  system_i/system_processing_system7_0/inst/FCLK_CLK0 | system_i/zed_audio_ctrl_0/U0/AXI_LITE_IPIF_I/I_SLAVE_ATTACHMENT/I_DECODER/E[0]                                                                               | system_i/zed_audio_ctrl_0/U0/USER_LOGIC_I/SR[0]                                                                                          |                9 |             64 |
|  system_i/system_processing_system7_0/inst/FCLK_CLK0 | system_i/zed_audio_ctrl_0/U0/AXI_LITE_IPIF_I/I_SLAVE_ATTACHMENT/s_axi_rresp_i                                                                                | system_i/zed_audio_ctrl_0/U0/AXI_LITE_IPIF_I/I_SLAVE_ATTACHMENT/rst                                                                      |               17 |             64 |
|  system_i/system_processing_system7_0/inst/FCLK_CLK0 | system_i/fir_right/inst/fir_fir_io_s_axi_U/p_0[0]                                                                                                            |                                                                                                                                          |               10 |             66 |
|  system_i/system_processing_system7_0/inst/FCLK_CLK0 | system_i/fir_left1/inst/fir_fir_io_s_axi_U/p_0[0]                                                                                                            |                                                                                                                                          |               10 |             66 |
|  system_i/system_processing_system7_0/inst/FCLK_CLK0 | system_i/ps7_0_axi_periph/xbar/inst/gen_sasd.crossbar_sasd_0/reg_slice_r/aa_rready                                                                           |                                                                                                                                          |                8 |             68 |
|  system_i/system_processing_system7_0/inst/FCLK_CLK0 | system_i/ps7_0_axi_periph/s00_couplers/auto_pc/inst/gen_axilite.gen_b2s_conv.axilite_b2s/RD.r_channel_0/rd_data_fifo_0/wr_en0                                |                                                                                                                                          |                9 |             68 |
|  system_i/system_processing_system7_0/inst/FCLK_CLK0 | system_i/ps7_0_axi_periph/xbar/inst/gen_sasd.crossbar_sasd_0/addr_arbiter_inst/E[0]                                                                          |                                                                                                                                          |               10 |             70 |
|  system_i/system_processing_system7_0/inst/FCLK_CLK0 | system_i/in_out_right/inst/ap_CS_fsm_state6                                                                                                                  | system_i/in_out_right/inst/in_out_fir_io_s_axi_U/acc_reg_168_reg[0][0]                                                                   |               11 |             86 |
|  system_i/system_processing_system7_0/inst/FCLK_CLK0 | system_i/in_out_left/inst/ap_CS_fsm_state6                                                                                                                   | system_i/in_out_left/inst/in_out_fir_io_s_axi_U/acc_reg_168_reg[0][0]                                                                    |               11 |             86 |
|  system_i/system_processing_system7_0/inst/FCLK_CLK0 |                                                                                                                                                              | system_i/fir_right/inst/fir_fir_io_s_axi_U/ap_rst_n_inv                                                                                  |               22 |             88 |
|  system_i/system_processing_system7_0/inst/FCLK_CLK0 |                                                                                                                                                              | system_i/fir_left1/inst/fir_fir_io_s_axi_U/ap_rst_n_inv                                                                                  |               25 |             88 |
|  system_i/system_processing_system7_0/inst/FCLK_CLK0 | SW_Enable_IBUF                                                                                                                                               | system_i/Speaker_0/inst/PWM_i_2_n_0                                                                                                      |                9 |             88 |
|  system_i/system_processing_system7_0/inst/FCLK_CLK0 | system_i/ps7_0_axi_periph/s00_couplers/auto_pc/inst/gen_axilite.gen_b2s_conv.axilite_b2s/SI_REG/r.r_pipe/p_1_in                                              |                                                                                                                                          |               10 |             94 |
|  system_i/system_processing_system7_0/inst/FCLK_CLK0 | system_i/ps7_0_axi_periph/s00_couplers/auto_pc/inst/gen_axilite.gen_b2s_conv.axilite_b2s/SI_REG/r.r_pipe/skid_buffer_reg[0]_0                                |                                                                                                                                          |               11 |             94 |
|  system_i/system_processing_system7_0/inst/FCLK_CLK0 | system_i/ps7_0_axi_periph/s00_couplers/auto_pc/inst/gen_axilite.gen_b2s_conv.axilite_b2s/WR.aw_channel_0/aw_cmd_fsm_0/m_payload_i_reg[0][0]                  |                                                                                                                                          |               10 |             96 |
|  system_i/system_processing_system7_0/inst/FCLK_CLK0 | system_i/ps7_0_axi_periph/s00_couplers/auto_pc/inst/gen_axilite.gen_b2s_conv.axilite_b2s/SI_REG/ar.ar_pipe/s_axi_arready                                     |                                                                                                                                          |               11 |             96 |
|  system_i/system_processing_system7_0/inst/FCLK_CLK0 | system_i/ps7_0_axi_periph/s00_couplers/auto_pc/inst/gen_axilite.gen_b2s_conv.axilite_b2s/SI_REG/aw.aw_pipe/s_axi_awready                                     |                                                                                                                                          |               12 |             96 |
|  system_i/system_processing_system7_0/inst/FCLK_CLK0 | system_i/ps7_0_axi_periph/s00_couplers/auto_pc/inst/gen_axilite.gen_b2s_conv.axilite_b2s/RD.ar_channel_0/ar_cmd_fsm_0/m_payload_i_reg[0]_1[0]                |                                                                                                                                          |                8 |             96 |
|  system_i/system_processing_system7_0/inst/FCLK_CLK0 | system_i/zed_audio_ctrl_0/U0/USER_LOGIC_I/Inst_iis_deser/E[0]                                                                                                |                                                                                                                                          |                8 |             96 |
|  system_i/system_processing_system7_0/inst/FCLK_CLK0 |                                                                                                                                                              | system_i/ps7_0_axi_periph/s00_couplers/auto_pc/inst/gen_axilite.gen_b2s_conv.axilite_b2s/areset_d1                                       |               21 |            120 |
|  system_i/system_processing_system7_0/inst/FCLK_CLK0 |                                                                                                                                                              |                                                                                                                                          |              108 |            556 |
+------------------------------------------------------+--------------------------------------------------------------------------------------------------------------------------------------------------------------+------------------------------------------------------------------------------------------------------------------------------------------+------------------+----------------+


